--------------------------------------------------------------------------------
Release 8.2i Trace 
Copyright (c) 1995-2006 Xilinx, Inc.  All rights reserved.

C:\Xilinx\bin\nt\trce.exe -ise
C:/Users/ALUMNO/Desktop/marh/restador/restador.ise -intstyle ise -e 3 -l 3 -s 5
-xml restador restador.ncd -o restador.twr restador.pcf

Design file:              restador.ncd
Physical constraint file: restador.pcf
Device,speed:             xc3s100e,-5 (PRODUCTION 1.23 2006-05-10)
Report level:             error report

Environment Variable      Effect 
--------------------      ------ 
NONE                      No environment variables were set
--------------------------------------------------------------------------------

INFO:Timing:2698 - No timing constraints found, doing default enumeration.
INFO:Timing:2752 - To get complete path coverage, use the unconstrained paths 
   option. All paths that are not constrained will be reported in the 
   unconstrained paths section(s) of the report.



Data Sheet report:
-----------------
All values displayed in nanoseconds (ns)

Pad to Pad
---------------+---------------+---------+
Source Pad     |Destination Pad|  Delay  |
---------------+---------------+---------+
A              |cout           |    6.014|
A              |s              |    6.079|
B              |cout           |    6.054|
B              |s              |    6.090|
cin            |cout           |    6.133|
cin            |s              |    6.220|
---------------+---------------+---------+


Analysis completed Thu Mar 16 16:27:08 2017
--------------------------------------------------------------------------------

Trace Settings:
-------------------------
Trace Settings 

Peak Memory Usage: 156 MB



