--------------------------------------------------------------------------------
Release 8.2i Trace 
Copyright (c) 1995-2006 Xilinx, Inc.  All rights reserved.

C:\Xilinx\bin\nt\trce.exe -ise
C:/Users/ALUMNO/Desktop/alu/sumador1/sumador1.ise -intstyle ise -e 3 -l 3 -s 4
-xml sumador1 sumador1.ncd -o sumador1.twr sumador1.pcf -ucf sumador1.ucf

Design file:              sumador1.ncd
Physical constraint file: sumador1.pcf
Device,speed:             xc3s100e,-4 (PRODUCTION 1.23 2006-05-10)
Report level:             error report

Environment Variable      Effect 
--------------------      ------ 
NONE                      No environment variables were set
--------------------------------------------------------------------------------

INFO:Timing:2698 - No timing constraints found, doing default enumeration.
INFO:Timing:2752 - To get complete path coverage, use the unconstrained paths 
   option. All paths that are not constrained will be reported in the 
   unconstrained paths section(s) of the report.



Data Sheet report:
-----------------
All values displayed in nanoseconds (ns)

Pad to Pad
---------------+---------------+---------+
Source Pad     |Destination Pad|  Delay  |
---------------+---------------+---------+
Cin            |Cout           |    8.263|
Cin            |s<0>           |    8.046|
Cin            |s<1>           |    9.493|
x<0>           |Cout           |    9.771|
x<0>           |s<0>           |    8.191|
x<0>           |s<1>           |   11.001|
x<1>           |Cout           |    7.870|
x<1>           |s<1>           |    8.681|
y<0>           |Cout           |    8.623|
y<0>           |s<0>           |    7.353|
y<0>           |s<1>           |    9.853|
y<1>           |Cout           |    7.995|
y<1>           |s<1>           |    9.216|
---------------+---------------+---------+


Analysis completed Thu Mar 02 17:59:45 2017
--------------------------------------------------------------------------------

Trace Settings:
-------------------------
Trace Settings 

Peak Memory Usage: 157 MB



